<?xml version="1.0" encoding="UTF-8"?>
<testng-results skipped="0" failed="0" ignored="0" total="0" passed="0">
  <reporter-output>
  </reporter-output>
  <suite name="com.amzaon.auto.amazon_aotumation.AppTest" duration-ms="5" started-at="2018-09-20T14:23:50Z" finished-at="2018-09-20T14:23:50Z">
    <groups>
    </groups>
    <test name="Command line test" duration-ms="5" started-at="2018-09-20T14:23:50Z" finished-at="2018-09-20T14:23:50Z">
    </test> <!-- Command line test -->
  </suite> <!-- com.amzaon.auto.amazon_aotumation.AppTest -->
</testng-results>
